[    0.000000] Initializing cgroup subsys cpuset
[    0.000000] Initializing cgroup subsys cpu
[    0.000000] Initializing cgroup subsys cpuacct
[    0.000000] Linux version 4.4.0-190-generic (buildd@lcy01-amd64-026) (gcc version 5.4.0 20160609 (Ubuntu 5.4.0-6ubuntu1~16.04.12) ) #220-Ubuntu SMP Fri Aug 28 23:02:15 UTC 2020 (Ubuntu 4.4.0-190.220-generic 4.4.233)
[    0.000000] Command line: BOOT_IMAGE=/boot/vmlinuz-4.4.0-190-generic root=LABEL=cloudimg-rootfs ro console=tty1 console=ttyS0
[    0.000000] KERNEL supported cpus:
[    0.000000]   Intel GenuineIntel
[    0.000000]   AMD AuthenticAMD
[    0.000000]   Centaur CentaurHauls
[    0.000000] x86/fpu: xstate_offset[2]:  576, xstate_sizes[2]:  256
[    0.000000] x86/fpu: Supporting XSAVE feature 0x01: 'x87 floating point registers'
[    0.000000] x86/fpu: Supporting XSAVE feature 0x02: 'SSE registers'
[    0.000000] x86/fpu: Supporting XSAVE feature 0x04: 'AVX registers'
[    0.000000] x86/fpu: Enabled xstate features 0x7, context size is 832 bytes, using 'standard' format.
[    0.000000] e820: BIOS-provided physical RAM map:
[    0.000000] BIOS-e820: [mem 0x0000000000000000-0x000000000009fbff] usable
[    0.000000] BIOS-e820: [mem 0x000000000009fc00-0x000000000009ffff] reserved
[    0.000000] BIOS-e820: [mem 0x00000000000f0000-0x00000000000fffff] reserved
[    0.000000] BIOS-e820: [mem 0x0000000000100000-0x000000003ffeffff] usable
[    0.000000] BIOS-e820: [mem 0x000000003fff0000-0x000000003fffffff] ACPI data
[    0.000000] BIOS-e820: [mem 0x00000000fec00000-0x00000000fec00fff] reserved
[    0.000000] BIOS-e820: [mem 0x00000000fee00000-0x00000000fee00fff] reserved
[    0.000000] BIOS-e820: [mem 0x00000000fffc0000-0x00000000ffffffff] reserved
[    0.000000] NX (Execute Disable) protection: active
[    0.000000] SMBIOS 2.5 present.
[    0.000000] Hypervisor detected: KVM
[    0.000000] e820: last_pfn = 0x3fff0 max_arch_pfn = 0x400000000
[    0.000000] MTRR: Disabled
[    0.000000] x86/PAT: MTRRs disabled, skipping PAT initialization too.
[    0.000000] CPU MTRRs all blank - virtualized system.
[    0.000000] x86/PAT: Configuration [0-7]: WB  WT  UC- UC  WB  WT  UC- UC  
[    0.000000] found SMP MP-table at [mem 0x0009fff0-0x0009ffff] mapped at [ffff88000009fff0]
[    0.000000] Scanning 1 areas for low memory corruption
[    0.000000] RAMDISK: [mem 0x362de000-0x37166fff]
[    0.000000] ACPI: Early table checksum verification disabled
[    0.000000] ACPI: RSDP 0x00000000000E0000 000024 (v02 VBOX  )
[    0.000000] ACPI: XSDT 0x000000003FFF0030 00003C (v01 VBOX   VBOXXSDT 00000001 ASL  00000061)
[    0.000000] ACPI: FACP 0x000000003FFF00F0 0000F4 (v04 VBOX   VBOXFACP 00000001 ASL  00000061)
[    0.000000] ACPI: DSDT 0x000000003FFF0470 002325 (v02 VBOX   VBOXBIOS 00000002 INTL 20100528)
[    0.000000] ACPI: FACS 0x000000003FFF0200 000040
[    0.000000] ACPI: FACS 0x000000003FFF0200 000040
[    0.000000] ACPI: APIC 0x000000003FFF0240 00005C (v02 VBOX   VBOXAPIC 00000001 ASL  00000061)
[    0.000000] ACPI: SSDT 0x000000003FFF02A0 0001CC (v01 VBOX   VBOXCPUT 00000002 INTL 20100528)
[    0.000000] No NUMA configuration found
[    0.000000] Faking a node at [mem 0x0000000000000000-0x000000003ffeffff]
[    0.000000] NODE_DATA(0) allocated [mem 0x3ffeb000-0x3ffeffff]
[    0.000000] kvm-clock: Using msrs 4b564d01 and 4b564d00
[    0.000000] kvm-clock: cpu 0, msr 0:3ffe3001, primary cpu clock
[    0.000000] kvm-clock: using sched offset of 4470681858 cycles
[    0.000000] clocksource: kvm-clock: mask: 0xffffffffffffffff max_cycles: 0x1cd42e4dffb, max_idle_ns: 881590591483 ns
[    0.000000] Zone ranges:
[    0.000000]   DMA      [mem 0x0000000000001000-0x0000000000ffffff]
[    0.000000]   DMA32    [mem 0x0000000001000000-0x000000003ffeffff]
[    0.000000]   Normal   empty
[    0.000000]   Device   empty
[    0.000000] Movable zone start for each node
[    0.000000] Early memory node ranges
[    0.000000]   node   0: [mem 0x0000000000001000-0x000000000009efff]
[    0.000000]   node   0: [mem 0x0000000000100000-0x000000003ffeffff]
[    0.000000] Initmem setup node 0 [mem 0x0000000000001000-0x000000003ffeffff]
[    0.000000] ACPI: PM-Timer IO Port: 0x4008
[    0.000000] IOAPIC[0]: apic_id 2, version 32, address 0xfec00000, GSI 0-23
[    0.000000] ACPI: INT_SRC_OVR (bus 0 bus_irq 0 global_irq 2 dfl dfl)
[    0.000000] ACPI: INT_SRC_OVR (bus 0 bus_irq 9 global_irq 9 low level)
[    0.000000] Using ACPI (MADT) for SMP configuration information
[    0.000000] smpboot: Allowing 2 CPUs, 0 hotplug CPUs
[    0.000000] PM: Registered nosave memory: [mem 0x00000000-0x00000fff]
[    0.000000] PM: Registered nosave memory: [mem 0x0009f000-0x0009ffff]
[    0.000000] PM: Registered nosave memory: [mem 0x000a0000-0x000effff]
[    0.000000] PM: Registered nosave memory: [mem 0x000f0000-0x000fffff]
[    0.000000] e820: [mem 0x40000000-0xfebfffff] available for PCI devices
[    0.000000] Booting paravirtualized kernel on KVM
[    0.000000] clocksource: refined-jiffies: mask: 0xffffffff max_cycles: 0xffffffff, max_idle_ns: 7645519600211568 ns
[    0.000000] setup_percpu: NR_CPUS:512 nr_cpumask_bits:512 nr_cpu_ids:2 nr_node_ids:1
[    0.000000] PERCPU: Embedded 33 pages/cpu @ffff88003fc00000 s95512 r8192 d31464 u1048576
[    0.000000] Built 1 zonelists in Node order, mobility grouping on.  Total pages: 257912
[    0.000000] Policy zone: DMA32
[    0.000000] Kernel command line: BOOT_IMAGE=/boot/vmlinuz-4.4.0-190-generic root=LABEL=cloudimg-rootfs ro console=tty1 console=ttyS0
[    0.000000] PID hash table entries: 4096 (order: 3, 32768 bytes)
[    0.000000] Memory: 997660K/1048120K available (8636K kernel code, 1337K rwdata, 4040K rodata, 1492K init, 1296K bss, 50460K reserved, 0K cma-reserved)
[    0.000000] SLUB: HWalign=64, Order=0-3, MinObjects=0, CPUs=2, Nodes=1
[    0.000000] Kernel/User page tables isolation: enabled
[    0.000000] Hierarchical RCU implementation.
[    0.000000] 	Build-time adjustment of leaf fanout to 64.
[    0.000000] 	RCU restricting CPUs from NR_CPUS=512 to nr_cpu_ids=2.
[    0.000000] RCU: Adjusting geometry for rcu_fanout_leaf=64, nr_cpu_ids=2
[    0.000000] NR_IRQS:33024 nr_irqs:440 16
[    0.000000] Console: colour VGA+ 80x25
[    0.000000] console [tty1] enabled
[    0.000000] console [ttyS0] enabled
[    0.000000] tsc: Detected 2808.000 MHz processor
[    0.352621] Calibrating delay loop (skipped) preset value.. 5616.00 BogoMIPS (lpj=11232000)
[    0.355268] pid_max: default: 32768 minimum: 301
[    0.356686] ACPI: Core revision 20150930
[    0.360019] ACPI: 2 ACPI AML tables successfully acquired and loaded
[    0.361974] Security Framework initialized
[    0.363473] Yama: becoming mindful.
[    0.365894] AppArmor: AppArmor initialized
[    0.367387] Dentry cache hash table entries: 131072 (order: 8, 1048576 bytes)
[    0.413538] Inode-cache hash table entries: 65536 (order: 7, 524288 bytes)
[    0.415696] Mount-cache hash table entries: 2048 (order: 2, 16384 bytes)
[    0.417641] Mountpoint-cache hash table entries: 2048 (order: 2, 16384 bytes)
[    0.419866] Initializing cgroup subsys io
[    0.421187] Initializing cgroup subsys memory
[    0.422554] Initializing cgroup subsys devices
[    0.423933] Initializing cgroup subsys freezer
[    0.425248] Initializing cgroup subsys net_cls
[    0.426561] Initializing cgroup subsys perf_event
[    0.428105] Initializing cgroup subsys net_prio
[    0.429492] Initializing cgroup subsys hugetlb
[    0.430777] Initializing cgroup subsys pids
[    0.433361] mce: CPU supports 0 MCE banks
[    0.434561] Last level iTLB entries: 4KB 64, 2MB 8, 4MB 8
[    0.435918] Last level dTLB entries: 4KB 64, 2MB 0, 4MB 0, 1GB 4
[    0.437322] Spectre V1 : Mitigation: usercopy/swapgs barriers and __user pointer sanitization
[    0.439459] Spectre V2 : Mitigation: Full generic retpoline
[    0.440797] Spectre V2 : Spectre v2 / SpectreRSB mitigation: Filling RSB on context switch
[    0.442893] Speculative Store Bypass: Vulnerable
[    0.444060] SRBDS: Unknown: Dependent on hypervisor status
[    0.445793] MDS: Mitigation: Clear CPU buffers
[    0.450893] Freeing SMP alternatives memory: 36K
[    0.459853] ftrace: allocating 32339 entries in 127 pages
[    0.584165] smpboot: APIC(0) Converting physical 0 to logical package 0
[    0.586039] smpboot: Max logical packages: 1
[    0.587775] x2apic enabled
[    0.589193] Switched APIC routing to physical x2apic.
[    0.592287] ..TIMER: vector=0x30 apic1=0 pin1=2 apic2=-1 pin2=-1
[    0.702011] smpboot: CPU0: Intel(R) Core(TM) i7-7700HQ CPU @ 2.80GHz (family: 0x6, model: 0x9e, stepping: 0x9)
[    0.705211] Performance Events: unsupported p6 CPU model 158 no PMU driver, software events only.
[    0.718645] KVM setup paravirtual spinlock
[    0.720608] x86: Booting SMP configuration:
[    0.721892] .... node  #0, CPUs:      #1
[    0.723231] kvm-clock: cpu 1, msr 0:3ffe3041, secondary cpu clock
[    0.726180] mce: CPU supports 0 MCE banks
[    0.729229] x86: Booted up 1 node, 2 CPUs
[    0.731129] smpboot: Total of 2 processors activated (11232.00 BogoMIPS)
[    0.733661] devtmpfs: initialized
[    0.736996] evm: security.selinux
[    0.738327] evm: security.SMACK64
[    0.739704] evm: security.SMACK64EXEC
[    0.740952] evm: security.SMACK64TRANSMUTE
[    0.742393] evm: security.SMACK64MMAP
[    0.743476] evm: security.ima
[    0.744744] evm: security.capability
[    0.746327] clocksource: jiffies: mask: 0xffffffff max_cycles: 0xffffffff, max_idle_ns: 7645041785100000 ns
[    0.749610] futex hash table entries: 512 (order: 3, 32768 bytes)
[    0.752030] pinctrl core: initialized pinctrl subsystem
[    0.753649] RTC time: 14:45:14, date: 09/30/20
[    0.755063] NET: Registered protocol family 16
[    0.767045] cpuidle: using governor ladder
[    0.779718] cpuidle: using governor menu
[    0.781301] PCCT header not found.
[    0.782593] ACPI: bus type PCI registered
[    0.784090] acpiphp: ACPI Hot Plug PCI Controller Driver version: 0.5
[    0.786224] PCI: Using configuration type 1 for base access
[    0.801965] ACPI: Added _OSI(Module Device)
[    0.803502] ACPI: Added _OSI(Processor Device)
[    0.805327] ACPI: Added _OSI(3.0 _SCP Extensions)
[    0.807132] ACPI: Added _OSI(Processor Aggregator Device)
[    0.810258] ACPI: Executed 1 blocks of module-level executable AML code
[    0.816225] ACPI: Interpreter enabled
[    0.817612] ACPI: (supports S0 S5)
[    0.818750] ACPI: Using IOAPIC for interrupt routing
[    0.820692] PCI: Using host bridge windows from ACPI; if necessary, use "pci=nocrs" and report a bug
[    0.829600] ACPI: PCI Root Bridge [PCI0] (domain 0000 [bus 00-ff])
[    0.831941] acpi PNP0A03:00: _OSC: OS supports [ASPM ClockPM Segments MSI]
[    0.834996] acpi PNP0A03:00: _OSC: not requesting OS control; OS requires [ExtendedConfig ASPM ClockPM MSI]
[    0.838709] acpi PNP0A03:00: fail to add MMCONFIG information, can't access extended PCI configuration space under this bridge.
[    0.844106] PCI host bridge to bus 0000:00
[    0.845896] pci_bus 0000:00: root bus resource [io  0x0000-0x0cf7 window]
[    0.848388] pci_bus 0000:00: root bus resource [io  0x0d00-0xffff window]
[    0.850815] pci_bus 0000:00: root bus resource [mem 0x000a0000-0x000bffff window]
[    0.853279] pci_bus 0000:00: root bus resource [mem 0x40000000-0xfdffffff window]
[    0.855615] pci_bus 0000:00: root bus resource [bus 00-ff]
[    0.860450] pci 0000:00:01.1: legacy IDE quirk: reg 0x10: [io  0x01f0-0x01f7]
[    0.862625] pci 0000:00:01.1: legacy IDE quirk: reg 0x14: [io  0x03f6]
[    0.864701] pci 0000:00:01.1: legacy IDE quirk: reg 0x18: [io  0x0170-0x0177]
[    0.884507] pci 0000:00:01.1: legacy IDE quirk: reg 0x1c: [io  0x0376]
[    0.902752] pci 0000:00:07.0: quirk: [io  0x4000-0x403f] claimed by PIIX4 ACPI
[    0.906054] pci 0000:00:07.0: quirk: [io  0x4100-0x410f] claimed by PIIX4 SMB
[    0.915188] ACPI: PCI Interrupt Link [LNKA] (IRQs 5 9 10 *11)
[    0.917468] ACPI: PCI Interrupt Link [LNKB] (IRQs 5 9 *10 11)
[    0.919560] ACPI: PCI Interrupt Link [LNKC] (IRQs 5 *9 10 11)
[    0.921500] ACPI: PCI Interrupt Link [LNKD] (IRQs 5 9 10 *11)
[    0.923552] ACPI: Enabled 2 GPEs in block 00 to 07
[    0.925225] vgaarb: setting as boot device: PCI:0000:00:02.0
[    0.926890] vgaarb: device added: PCI:0000:00:02.0,decodes=io+mem,owns=io+mem,locks=none
[    0.929591] vgaarb: loaded
[    0.930483] vgaarb: bridge control possible 0000:00:02.0
[    0.932119] SCSI subsystem initialized
[    0.933435] ACPI: bus type USB registered
[    0.934668] usbcore: registered new interface driver usbfs
[    0.936259] usbcore: registered new interface driver hub
[    0.938034] usbcore: registered new device driver usb
[    0.940028] PCI: Using ACPI for IRQ routing
[    0.987661] NetLabel: Initializing
[    0.988878] NetLabel:  domain hash size = 128
[    0.990258] NetLabel:  protocols = UNLABELED CIPSOv4
[    0.991920] NetLabel:  unlabeled traffic allowed by default
[    0.993732] amd_nb: Cannot enumerate AMD northbridges
[    0.995658] clocksource: Switched to clocksource kvm-clock
[    1.096811] AppArmor: AppArmor Filesystem Enabled
[    1.098327] pnp: PnP ACPI init
[    1.100508] pnp: PnP ACPI: found 3 devices
[    1.112816] clocksource: acpi_pm: mask: 0xffffff max_cycles: 0xffffff, max_idle_ns: 2085701024 ns
[    1.116096] NET: Registered protocol family 2
[    1.117425] TCP established hash table entries: 8192 (order: 4, 65536 bytes)
[    1.119704] TCP bind hash table entries: 8192 (order: 5, 131072 bytes)
[    1.121891] TCP: Hash tables configured (established 8192 bind 8192)
[    1.123887] UDP hash table entries: 512 (order: 2, 16384 bytes)
[    1.125836] UDP-Lite hash table entries: 512 (order: 2, 16384 bytes)
[    1.128251] NET: Registered protocol family 1
[    1.130190] pci 0000:00:00.0: Limiting direct PCI/PCI transfers
[    1.132512] pci 0000:00:01.0: Activating ISA DMA hang workarounds
[    1.134586] Unpacking initramfs...
[    2.650162] Freeing initrd memory: 14884K
[    2.651470] clocksource: tsc: mask: 0xffffffffffffffff max_cycles: 0x2879c5f06f2, max_idle_ns: 440795220049 ns
[    2.654389] platform rtc_cmos: registered platform RTC device (no PNP device found)
[    2.656736] Scanning for low memory corruption every 60 seconds
[    2.659102] audit: initializing netlink subsys (disabled)
[    2.660798] audit: type=2000 audit(1601477121.557:1): initialized
[    2.663260] Initialise system trusted keyring
[    2.665101] HugeTLB registered 2 MB page size, pre-allocated 0 pages
[    2.668536] zbud: loaded
[    2.670071] VFS: Disk quotas dquot_6.6.0
[    2.671599] VFS: Dquot-cache hash table entries: 512 (order 0, 4096 bytes)
[    2.674093] squashfs: version 4.0 (2009/01/31) Phillip Lougher
[    2.676349] fuse init (API version 7.23)
[    2.677742] Key type big_key registered
[    2.678907] Allocating IMA MOK and blacklist keyrings.
[    2.681834] Key type asymmetric registered
[    2.683411] Asymmetric key parser 'x509' registered
[    2.685180] Block layer SCSI generic (bsg) driver version 0.4 loaded (major 249)
[    2.687883] io scheduler noop registered
[    2.689280] io scheduler deadline registered (default)
[    2.691225] io scheduler cfq registered
[    2.692918] pci_hotplug: PCI Hot Plug PCI Core version: 0.5
[    2.694855] pciehp: PCI Express Hot Plug Controller Driver version: 0.4
[    2.697084] ACPI: AC Adapter [AC] (off-line)
[    2.698583] input: Power Button as /devices/LNXSYSTM:00/LNXPWRBN:00/input/input0
[    2.701070] ACPI: Power Button [PWRF]
[    2.702492] input: Sleep Button as /devices/LNXSYSTM:00/LNXSLPBN:00/input/input1
[    2.705183] ACPI: Sleep Button [SLPF]
[    2.707411] ACPI: Battery Slot [BAT0] (battery present)
[    2.709227] GHES: HEST is not enabled!
[    2.710764] Serial: 8250/16550 driver, 32 ports, IRQ sharing enabled
[    2.733478] 00:02: ttyS0 at I/O 0x3f8 (irq = 4, base_baud = 115200) is a 16550A
[    2.738226] Linux agpgart interface v0.103
[    2.741195] loop: module loaded
[    2.742642] scsi host0: ata_piix
[    2.743693] scsi host1: ata_piix
[    2.744659] ata1: PATA max UDMA/33 cmd 0x1f0 ctl 0x3f6 bmdma 0xd000 irq 14
[    2.746335] ata2: PATA max UDMA/33 cmd 0x170 ctl 0x376 bmdma 0xd008 irq 15
[    2.748422] libphy: Fixed MDIO Bus: probed
[    2.749749] tun: Universal TUN/TAP device driver, 1.6
[    2.751316] tun: (C) 1999-2004 Max Krasnyansky <maxk@qualcomm.com>
[    2.753490] PPP generic driver version 2.4.2
[    2.755140] ehci_hcd: USB 2.0 'Enhanced' Host Controller (EHCI) Driver
[    2.757093] ehci-pci: EHCI PCI platform driver
[    2.758480] ehci-platform: EHCI generic platform driver
[    2.759846] ohci_hcd: USB 1.1 'Open' Host Controller (OHCI) Driver
[    2.761731] ohci-pci: OHCI PCI platform driver
[    2.763179] ohci-platform: OHCI generic platform driver
[    2.764783] uhci_hcd: USB Universal Host Controller Interface driver
[    2.767161] i8042: PNP: PS/2 Controller [PNP0303:PS2K,PNP0f03:PS2M] at 0x60,0x64 irq 1,12
[    2.770332] serio: i8042 KBD port at 0x60,0x64 irq 1
[    2.772033] serio: i8042 AUX port at 0x60,0x64 irq 12
[    2.773734] mousedev: PS/2 mouse device common for all mice
[    2.775760] input: AT Translated Set 2 keyboard as /devices/platform/i8042/serio0/input/input2
[    2.778691] rtc_cmos rtc_cmos: rtc core: registered rtc_cmos as rtc0
[    2.780730] rtc_cmos rtc_cmos: alarms up to one day, 114 bytes nvram
[    2.782446] i2c /dev entries driver
[    2.783691] device-mapper: uevent: version 1.0.3
[    2.785226] device-mapper: ioctl: 4.34.0-ioctl (2015-10-28) initialised: dm-devel@redhat.com
[    2.787745] ledtrig-cpu: registered to indicate activity on CPUs
[    2.790073] NET: Registered protocol family 10
[    2.791663] NET: Registered protocol family 17
[    2.793101] Key type dns_resolver registered
[    2.795324] registered taskstats version 1
[    2.797023] Loading compiled-in X.509 certificates
[    2.798883] Loaded X.509 cert 'Build time autogenerated kernel key: b89e9ea735e1dbde81c7786f041ecf1d53e71c2e'
[    2.801829] zswap: loaded using pool lzo/zbud
[    2.805532] Key type trusted registered
[    2.811499] Key type encrypted registered
[    2.812911] AppArmor: AppArmor sha1 policy hashing enabled
[    2.814779] ima: No TPM chip found, activating TPM-bypass!
[    2.816910] ima: Allocated hash algorithm: sha1
[    2.818662] evm: HMAC attrs: 0x1
[    2.820285]   Magic number: 4:993:789
[    2.821745] rtc_cmos rtc_cmos: setting system clock to 2020-09-30 14:45:16 UTC (1601477116)
[    2.824732] BIOS EDD facility v0.16 2004-Jun-25, 0 devices found
[    2.826473] EDD information not available.
[    2.931152] Freeing unused kernel memory: 1492K
[    2.932904] Write protecting the kernel read-only data: 14336k
[    2.935132] Freeing unused kernel memory: 1592K
[    2.936854] Freeing unused kernel memory: 56K
Loading, please wait...
starting version 229
[    2.955836] random: systemd-udevd: uninitialized urandom read (16 bytes read, 3 bits of entropy available)
[    2.956505] random: udevadm: uninitialized urandom read (16 bytes read, 3 bits of entropy available)
[    2.956535] random: udevadm: uninitialized urandom read (16 bytes read, 3 bits of entropy available)
[    2.967483] random: systemd-udevd: uninitialized urandom read (16 bytes read, 3 bits of entropy available)
[    2.970654] random: udevadm: uninitialized urandom read (16 bytes read, 3 bits of entropy available)
[    2.970719] random: udevadm: uninitialized urandom read (16 bytes read, 3 bits of entropy available)
[    2.970990] random: udevadm: uninitialized urandom read (16 bytes read, 3 bits of entropy available)
[    2.971070] random: udevadm: uninitialized urandom read (16 bytes read, 3 bits of entropy available)
[    2.971157] random: udevadm: uninitialized urandom read (16 bytes read, 3 bits of entropy available)
[    2.971241] random: udevadm: uninitialized urandom read (16 bytes read, 3 bits of entropy available)
[    3.035703] e1000: Intel(R) PRO/1000 Network Driver - version 7.3.21-k8-NAPI
[    3.037657] e1000: Copyright (c) 1999-2006 Intel Corporation.
[    3.039431] Fusion MPT base driver 3.04.20
[    3.041562] Copyright (c) 1999-2008 LSI Corporation
[    3.049986] Fusion MPT SPI Host driver 3.04.20
[    3.074007] AVX2 version of gcm_enc/dec engaged.
[    3.076377] AES CTR mode by8 optimization enabled
[    3.273283] input: ImExPS/2 Generic Explorer Mouse as /devices/platform/i8042/serio1/input/input4
[    3.509867] e1000 0000:00:03.0 eth0: (PCI:33MHz:32-bit) 02:8a:e9:cd:da:1d
[    3.513096] e1000 0000:00:03.0 eth0: Intel(R) PRO/1000 Network Connection
[    3.517528] mptbase: ioc0: Initiating bringup
[    3.517651] e1000 0000:00:03.0 enp0s3: renamed from eth0
[    4.521200] ioc0: LSI53C1030 A0: Capabilities={Initiator}
[    6.522215] scsi host2: ioc0: LSI53C1030 A0, FwRev=00000000h, Ports=1, MaxQ=256, IRQ=20
[    8.692127] scsi 2:0:0:0: Direct-Access     VBOX     HARDDISK         1.0  PQ: 0 ANSI: 5
[    8.694373] scsi target2:0:0: Beginning Domain Validation
[    8.697350] scsi target2:0:0: Domain Validation skipping write tests
[    8.698798] scsi target2:0:0: Ending Domain Validation
[    8.700178] scsi target2:0:0: asynchronous
[    8.702198] scsi 2:0:1:0: Direct-Access     VBOX     HARDDISK         1.0  PQ: 0 ANSI: 5
[    8.705622] scsi target2:0:1: Beginning Domain Validation
[    8.709850] scsi target2:0:1: Domain Validation skipping write tests
[    8.711959] scsi target2:0:1: Ending Domain Validation
[    8.730272] scsi target2:0:1: asynchronous
[    8.738735] sd 2:0:0:0: Attached scsi generic sg0 type 0
[    8.740710] sd 2:0:0:0: [sda] 20971520 512-byte logical blocks: (10.7 GB/10.0 GiB)
[    8.744211] sd 2:0:1:0: [sdb] 20480 512-byte logical blocks: (10.5 MB/10.0 MiB)
[    8.744313] sd 2:0:0:0: [sda] Write Protect is off
[    8.744451] sd 2:0:0:0: [sda] Incomplete mode parameter data
[    8.744453] sd 2:0:0:0: [sda] Assuming drive cache: write through
[    8.752637] sd 2:0:1:0: [sdb] Write Protect is off
[    8.754248] sd 2:0:1:0: Attached scsi generic sg1 type 0
[    8.756385] sd 2:0:1:0: [sdb] Incomplete mode parameter data
[    8.758366] sd 2:0:1:0: [sdb] Assuming drive cache: write through
[    8.760956]  sda: sda1
[    8.763154] sd 2:0:0:0: [sda] Attached SCSI disk
[    8.766988] sd 2:0:1:0: [sdb] Attached SCSI disk
Begin: Loading essential drivers ... [   10.442352] md: linear personality registered for level -1
[   10.449507] md: multipath personality registered for level -4
[   10.455401] md: raid0 personality registered for level 0
[   10.464353] md: raid1 personality registered for level 1
[   10.540410] raid6: sse2x1   gen()  7525 MB/s
[   10.608098] raid6: sse2x1   xor()  5004 MB/s
[   10.676492] raid6: sse2x2   gen()  8201 MB/s
[   10.743704] raid6: sse2x2   xor()  6551 MB/s
[   10.811953] raid6: sse2x4   gen() 12066 MB/s
[   10.879857] raid6: sse2x4   xor()  9305 MB/s
[   10.948257] raid6: avx2x1   gen() 17788 MB/s
[   11.015674] raid6: avx2x2   gen() 12135 MB/s
[   11.083832] raid6: avx2x4   gen() 17377 MB/s
[   11.085490] raid6: using algorithm avx2x1 gen() 17788 MB/s
[   11.087275] raid6: using avx2x2 recovery algorithm
[   11.090331] xor: automatically using best checksumming function:
[   11.131770]    avx       : 21123.000 MB/sec
[   11.135103] async_tx: api initialized (async)
[   11.155212] md: raid6 personality registered for level 6
[   11.157617] md: raid5 personality registered for level 5
[   11.160086] md: raid4 personality registered for level 4
[   11.171302] md: raid10 personality registered for level 10
done.
Begin: Running /scripts/init-premount ... done.
Begin: Mounting root file system ... Begin: Running /scripts/local-top ... done.
Begin: Running /scripts/local-premount ... [   11.211103] Btrfs loaded
Scanning for Btrfs filesystems
done.
Warning: fsck not present, so skipping root file system
[   11.242974] EXT4-fs (sda1): mounted filesystem with ordered data mode. Opts: (null)
done.
Begin: Running /scripts/local-bottom ... done.
Begin: Running /scripts/init-bottom ... done.
[   11.362168] systemd[1]: systemd 229 running in system mode. (+PAM +AUDIT +SELINUX +IMA +APPARMOR +SMACK +SYSVINIT +UTMP +LIBCRYPTSETUP +GCRYPT +GNUTLS +ACL +XZ -LZ4 +SECCOMP +BLKID +ELFUTILS +KMOD -IDN)
[   11.368482] systemd[1]: Detected virtualization oracle.
[   11.370552] systemd[1]: Detected architecture x86-64.

Welcome to [1mUbuntu 16.04.7 LTS[0m!

[   11.376065] systemd[1]: Set hostname to <mer>.
[   11.525163] systemd[1]: Listening on Syslog Socket.
[[0;32m  OK  [0m] Listening on Syslog Socket.
[   11.528679] systemd[1]: Listening on LVM2 metadata daemon socket.
[[0;32m  OK  [0m] Listening on LVM2 metadata daemon socket.
[   11.533013] systemd[1]: Set up automount Arbitrary Executable File Formats File System Automount Point.
[[0;32m  OK  [0m] Set up automount Arbitrary Executab...ats File System Automount Point.
[   11.538623] systemd[1]: Listening on udev Control Socket.
[[0;32m  OK  [0m] Listening on udev Control Socket.
[   11.542668] systemd[1]: Reached target System Time Synchronized.
[[0;32m  OK  [0m] Reached target System Time Synchronized.
[   11.546772] systemd[1]: Listening on Journal Socket (/dev/log).
[[0;32m  OK  [0m] Listening on Journal Socket (/dev/log).
[   11.550764] systemd[1]: Listening on udev Kernel Socket.
[[0;32m  OK  [0m] Listening on udev Kernel Socket.
[   11.554374] systemd[1]: Listening on Device-mapper event daemon FIFOs.
[[0;32m  OK  [0m] Listening on Device-mapper event daemon FIFOs.
[   11.558863] systemd[1]: Started Forward Password Requests to Wall Directory Watch.
[[0;32m  OK  [0m] Started Forward Password Requests to Wall Directory Watch.
[   11.563929] systemd[1]: Listening on Journal Socket.
[[0;32m  OK  [0m] Listening on Journal Socket.
[   11.567484] systemd[1]: Listening on LVM2 poll daemon socket.
[[0;32m  OK  [0m] Listening on LVM2 poll daemon socket.
[   11.571386] systemd[1]: Reached target Swap.
[[0;32m  OK  [0m] Reached target Swap.
[   11.574711] systemd[1]: Listening on /dev/initctl Compatibility Named Pipe.
[[0;32m  OK  [0m] Listening on /dev/initctl Compatibility Named Pipe.
[   11.579237] systemd[1]: Reached target User and Group Name Lookups.
[[0;32m  OK  [0m] Reached target User and Group Name Lookups.
[   11.583787] systemd[1]: Created slice System Slice.
[[0;32m  OK  [0m] Created slice System Slice.
[   11.604538] systemd[1]: Starting Create list of required static device nodes for the current kernel...
         Starting Create list of required st... nodes for the current kernel...
[   11.617037] systemd[1]: Mounting Debug File System...
         Mounting Debug File System...
[   11.621248] systemd[1]: Starting Monitoring of LVM2 mirrors, snapshots etc. using dmeventd or progress polling...
         Starting Monitoring of LVM2 mirrors... dmeventd or progress polling...
[   11.629380] systemd[1]: Created slice system-serial\x2dgetty.slice.
[[0;32m  OK  [0m] Created slice system-serial\x2dgetty.slice.
[   11.634813] systemd[1]: Starting Remount Root and Kernel File Systems...
         Starting Remount Root and Kernel File Systems...
[   11.644694] systemd[1]: Mounting Huge Pages File System...
[   11.646890] EXT4-fs (sda1): re-mounted. Opts: (null)
         Mounting Huge Pages File System...
[   11.650505] systemd[1]: Starting Uncomplicated firewall...
         Starting Uncomplicated firewall...
[   11.655327] systemd[1]: Starting Load Kernel Modules...
         Starting Load Kernel Modules...
[   11.663343] systemd[1]: Started Trigger resolvconf update for networkd DNS.
[   11.665403] Loading iSCSI transport class v2.0-870.
[[0;32m  OK  [0m] Started Trigger resolvconf update for networkd DNS.
[   11.668321] systemd[1]: Reached target Encrypted Volumes.
[[0;32m  OK  [0m] Reached target Encrypted Volumes.
[   11.677522] iscsi: registered transport (tcp)
[   11.688181] systemd[1]: Starting Nameserver information manager...
         Starting Nameserver information manager...
[   11.695225] systemd[1]: Mounting POSIX Message Queue File System...
         Mounting POSIX Message Queue File System...
[   11.708441] systemd[1]: Starting Set console keymap...
         Starting Set console keymap...
[   11.712334] systemd[1]: Listening on Journal Audit Socket.
[[0;32m  OK  [0m] Listening on Journal Audit Socket.
[   11.722044] systemd[1]: Starting Journal Service...
         Starting Journal Service...
[   11.728358] systemd[1]: Created slice User and Session Slice.
[[0;32m  OK  [0m] Created slice User and Session Slice.
[   11.740119] systemd[1]: Reached target Slices.
[[0;32m  OK  [0m] Reached target Slices.
[   11.744590] iscsi: registered transport (iser)
[   11.757607] systemd[1]: Mounted Debug File System.
[[0;32m  OK  [0m] Mounted Debug File System.
[   11.760782] systemd[1]: Mounted POSIX Message Queue File System.
[[0;32m  OK  [0m] Mounted POSIX Message Queue File System.
[   11.765071] systemd[1]: Mounted Huge Pages File System.
[[0;32m  OK  [0m] Mounted Huge Pages File System.
[   11.768597] systemd[1]: Started Journal Service.
[[0;32m  OK  [0m] Started Journal Service.
[[0;32m  OK  [0m] Started Create list of required sta...ce nodes for the current kernel.
[[0;32m  OK  [0m] Started Remount Root and Kernel File Systems.
[[0;32m  OK  [0m] Started Uncomplicated firewall.
[[0;32m  OK  [0m] Started Load Kernel Modules.
[[0;32m  OK  [0m] Started LVM2 metadata daemon.
         Mounting FUSE Control File System...
         Starting Apply Kernel Variables...
         Starting udev Coldplug all Devices...
         Starting Load/Save Random Seed...
         Starting Create Static Device Nodes in /dev...
         Starting Flush Journal to Persistent Storage...
[[0;32m  OK  [0m] Mounted FUSE Control File System.
[[0;32m  OK  [0m] Started Nameserver information manager.
[[0;32m  OK  [0m] Started Set console keymap.
[[0;32m  OK  [0m] Started Apply Kernel Variables.
[[0;32m  OK  [0m] Started Load/Save Random Seed.
[[0;32m  OK  [0m] Started Create Static Device Nodes in /dev.
         Starting udev Kernel Device Manager...
[[0;32m  OK  [0m] Started Flush Journal to Persistent Storage.
[[0;32m  OK  [0m] Started udev Coldplug all Devices.
[[0;32m  OK  [0m] Started udev Kernel Device Manager.
[[0;32m  OK  [0m] Started Dispatch Password Requests to Console Directory Watch.
[[0;32m  OK  [0m] Found device /dev/ttyS0.
[[0;32m  OK  [0m] Listening on Load/Save RF Kill Switch Status /dev/rfkill Watch.
[[0;32m  OK  [0m] Started Monitoring of LVM2 mirrors,...ng dmeventd or progress polling.
[[0;32m  OK  [0m] Found device 82540EM Gigabit Ethern...r (PRO/1000 MT Desktop Adapter).
[[0;32m  OK  [0m] Reached target Local File Systems (Pre).
[[0;32m  OK  [0m] Reached target Local File Systems.
         Starting Initial cloud-init job (pre-networking)...
         Starting Create Volatile Files and Directories...
         Starting Set console font and keymap...
         Starting Tell Plymouth To Write Out Runtime Data...
         Starting LSB: AppArmor initialization...
[[0;32m  OK  [0m] Started Create Volatile Files and Directories.
[[0;32m  OK  [0m] Started Tell Plymouth To Write Out Runtime Data.
         Starting Update UTMP about System Boot/Shutdown...
[[0;32m  OK  [0m] Started Update UTMP about System Boot/Shutdown.
[[0;32m  OK  [0m] Started LSB: AppArmor initialization.
         Starting Load AppArmor profiles managed internally by snapd...
[[0;32m  OK  [0m] Started Load AppArmor profiles managed internally by snapd.
[[0;32m  OK  [0m] Started Set console font and keymap.
[[0;32m  OK  [0m] Created slice system-getty.slice.
[   13.496857] cloud-init[599]: Cloud-init v. 20.3-2-g371b392c-0ubuntu1~16.04.1 running 'init-local' at Wed, 30 Sep 2020 14:45:27 +0000. Up 13.13 seconds.
[[0;32m  OK  [0m] Started Initial cloud-init job (pre-networking).
[[0;32m  OK  [0m] Reached target Network (Pre).
         Starting Raise network interfaces...
[[0;32m  OK  [0m] Started ifup for enp0s3.
[[0;32m  OK  [0m] Started Raise network interfaces.
         Starting Initial cloud-init job (metadata service crawler)...
[[0;32m  OK  [0m] Reached target Network.
[   14.735740] cloud-init[981]: Cloud-init v. 20.3-2-g371b392c-0ubuntu1~16.04.1 running 'init' at Wed, 30 Sep 2020 14:45:28 +0000. Up 14.27 seconds.
[   14.738058] cloud-init[981]: ci-info: ++++++++++++++++++++++++++++++++++++++Net device info++++++++++++++++++++++++++++++++++++++
[   14.740017] cloud-init[981]: ci-info: +--------+------+----------------------------+---------------+--------+-------------------+
[   14.745009] cloud-init[981]: ci-info: | Device |  Up  |          Address           |      Mask     | Scope  |     Hw-Address    |
[   14.746778] cloud-init[981]: ci-info: +--------+------+----------------------------+---------------+--------+-------------------+
[   14.748806] cloud-init[981]: ci-info: | enp0s3 | True |         10.0.2.15          | 255.255.255.0 | global | 02:8a:e9:cd:da:1d |
[   14.750795] cloud-init[981]: ci-info: | enp0s3 | True | fe80::8a:e9ff:fecd:da1d/64 |       .       |  link  | 02:8a:e9:cd:da:1d |
[   14.756767] cloud-init[981]: ci-info: |   lo   | True |         127.0.0.1          |   255.0.0.0   |  host  |         .         |
[   14.758822] cloud-init[981]: ci-info: |   lo   | True |          ::1/128           |       .       |  host  |         .         |
[   14.764626] cloud-init[981]: ci-info: +--------+------+----------------------------+---------------+--------+-------------------+
[   14.768251] cloud-init[981]: ci-info: +++++++++++++++++++++++++++Route IPv4 info++++++++++++++++++++++++++++
[   14.773120] cloud-init[981]: ci-info: +-------+-------------+----------+---------------+-----------+-------+
[   14.774939] cloud-init[981]: ci-info: | Route | Destination | Gateway  |    Genmask    | Interface | Flags |
[   14.781147] cloud-init[981]: ci-info: +-------+-------------+----------+---------------+-----------+-------+
[   14.782945] cloud-init[981]: ci-info: |   0   |   0.0.0.0   | 10.0.2.2 |    0.0.0.0    |   enp0s3  |   UG  |
[   14.788940] cloud-init[981]: ci-info: |   1   |   10.0.2.0  | 0.0.0.0  | 255.255.255.0 |   enp0s3  |   U   |
[   14.790460] cloud-init[981]: ci-info: +-------+-------------+----------+---------------+-----------+-------+
[   14.792291] cloud-init[981]: ci-info: +++++++++++++++++++Route IPv6 info+++++++++++++++++++
[   14.794834] cloud-init[981]: ci-info: +-------+-------------+---------+-----------+-------+
[   14.797265] cloud-init[981]: ci-info: | Route | Destination | Gateway | Interface | Flags |
[   14.799404] cloud-init[981]: ci-info: +-------+-------------+---------+-----------+-------+
[   14.802031] cloud-init[981]: ci-info: |   0   |  fe80::/64  |    ::   |   enp0s3  |   U   |
[   14.804715] cloud-init[981]: ci-info: |   3   |   ff00::/8  |    ::   |   enp0s3  |   U   |
[   14.813020] cloud-init[981]: ci-info: +-------+-------------+---------+-----------+-------+
[[0;32m  OK  [0m] Started Initial cloud-init job (metadata service crawler).
[[0;32m  OK  [0m] Reached target Cloud-config availability.
[[0;32m  OK  [0m] Reached target System Initialization.
[[0;32m  OK  [0m] Listening on UUID daemon activation socket.
[[0;32m  OK  [0m] Listening on D-Bus System Message Bus Socket.
         Starting Socket activation for snappy daemon.
[[0;32m  OK  [0m] Started Daily Cleanup of Temporary Directories.
[[0;32m  OK  [0m] Started Daily apt download activities.
[[0;32m  OK  [0m] Started Daily apt upgrade and clean activities.
         Starting LXD - unix socket.
[[0;32m  OK  [0m] Started ACPI Events Check.
[[0;32m  OK  [0m] Reached target Paths.
[[0;32m  OK  [0m] Started Message of the Day.
[[0;32m  OK  [0m] Reached target Timers.
[[0;32m  OK  [0m] Listening on ACPID Listen Socket.
[[0;32m  OK  [0m] Reached target Network is Online.
         Starting iSCSI initiator daemon (iscsid)...
[[0;32m  OK  [0m] Listening on Socket activation for snappy daemon.
[[0;32m  OK  [0m] Listening on LXD - unix socket.
[[0;32m  OK  [0m] Reached target Sockets.
[[0;32m  OK  [0m] Reached target Basic System.
         Starting /etc/rc.local Compatibility...
         Starting Login Service...
[[0;32m  OK  [0m] Started FUSE filesystem for LXC.
         Starting LSB: MD monitoring daemon...
[[0;32m  OK  [0m] Started Deferred execution scheduler.
         Starting LSB: Record successful boot for GRUB...
         Starting Accounts Service...
         Starting Snap Daemon...
         Starting System Logging Service...
         Starting Virtualbox guest utils...
[[0;32m  OK  [0m] Started ACPI event daemon.
[[0;32m  OK  [0m] Started Regular background program processing daemon.
         Starting OpenBSD Secure Shell server...
[[0;32m  OK  [0m] Started D-Bus System Message Bus.
         Starting MySQL Community Server...
         Starting LXD - container startup/shutdown...
[[0;32m  OK  [0m] Started System Logging Service.
[[0;32m  OK  [0m] Started iSCSI initiator daemon (iscsid).
[[0;32m  OK  [0m] Started /etc/rc.local Compatibility.
[[0;32m  OK  [0m] Started OpenBSD Secure Shell server.
[[0;32m  OK  [0m] Started Login Service.
[[0;32m  OK  [0m] Started Unattended Upgrades Shutdown.
         Starting Authenticate and Authorize Users to Run Privileged Tasks...
         Starting Login to default iSCSI targets...
[[0;32m  OK  [0m] Started LSB: Record successful boot for GRUB.
[[0;32m  OK  [0m] Started LSB: MD monitoring daemon.
[[0;32m  OK  [0m] Started Login to default iSCSI targets.
[[0;32m  OK  [0m] Reached target Remote File Systems (Pre).
[[0;32m  OK  [0m] Reached target Remote File Systems.
         Starting LSB: automatic crash report generation...
         Starting Permit User Sessions...
         Starting LSB: daemon to balance interrupts for SMP systems...
         Starting LSB: Set the CPU Frequency Scaling governor to "ondemand"...
[[0;32m  OK  [0m] Started Permit User Sessions.
[[0;32m  OK  [0m] Started Authenticate and Authorize Users to Run Privileged Tasks.
[[0;32m  OK  [0m] Started Accounts Service.
         Starting Terminate Plymouth Boot Screen...
         Starting Hold until boot process finishes up...
[[0;32m  OK  [0m] Started Hold until boot process finishes up.
[[0;32m  OK  [0m] Started Terminate Plymouth Boot Screen.
[[0;32m  OK  [0m] Started Getty on tty1.
         Starting Set console scheme...
[[0;32m  OK  [0m] Started Serial Getty on ttyS0.
[[0;32m  OK  [0m] Reached target Login Prompts.
[[0;32m  OK  [0m] Started LSB: automatic crash report generation.
[[0;32m  OK  [0m] Started LSB: daemon to balance interrupts for SMP systems.
[[0;32m  OK  [0m] Started LSB: Set the CPU Frequency Scaling governor to "ondemand".
[[0;32m  OK  [0m] Started Set console scheme.
[[0;32m  OK  [0m] Started LXD - container startup/shutdown.
[[0;32m  OK  [0m] Started Virtualbox guest utils.
[[0;32m  OK  [0m] Started Snap Daemon.
         Starting Wait until snapd is fully seeded...
[[0;32m  OK  [0m] Started Wait until snapd is fully seeded.
         Starting Apply the settings specified in cloud-config...
[[0;32m  OK  [0m] Started MySQL Community Server.
[[0;32m  OK  [0m] Reached target Multi-User System.
[[0;32m  OK  [0m] Reached target Graphical Interface.
         Starting Update UTMP about System Runlevel Changes...
[[0;32m  OK  [0m] Started Update UTMP about System Runlevel Changes.
[   16.873266] cloud-init[1254]: Cloud-init v. 20.3-2-g371b392c-0ubuntu1~16.04.1 running 'modules:config' at Wed, 30 Sep 2020 14:45:30 +0000. Up 16.61 seconds.
[[0;32m  OK  [0m] Started Apply the settings specified in cloud-config.
         Starting Execute cloud user/final scripts...
[   17.783257] cloud-init[1298]: Cloud-init v. 20.3-2-g371b392c-0ubuntu1~16.04.1 running 'modules:final' at Wed, 30 Sep 2020 14:45:31 +0000. Up 17.62 seconds.
[   17.785551] cloud-init[1298]: Cloud-init v. 20.3-2-g371b392c-0ubuntu1~16.04.1 finished at Wed, 30 Sep 2020 14:45:31 +0000. Datasource DataSourceNoCloud [seed=/dev/sdb][dsmode=net].  Up 17.76 seconds
[[0;32m  OK  [0m] Started Execute cloud user/final scripts.
[[0;32m  OK  [0m] Reached target Cloud-init target.

Ubuntu 16.04.7 LTS mer ttyS0

mer login:          Stopping Authenticate and Authorize Users to Run Privileged Tasks...
         Stopping ACPI event daemon...
         Stopping User Manager for UID 1000...
         Stopping Session 4 of user vagrant.
[[0;32m  OK  [0m] Stopped target Graphical Interface.
[[0;32m  OK  [0m] Closed Load/Save RF Kill Switch Status /dev/rfkill Watch.
         Stopping Accounts Service...
[[0;32m  OK  [0m] Stopped target Timers.
[[0;32m  OK  [0m] Stopped Daily Cleanup of Temporary Directories.
[[0;32m  OK  [0m] Stopped Message of the Day.
[[0;32m  OK  [0m] Stopped target Cloud-init target.
[[0;32m  OK  [0m] Stopped Execute cloud user/final scripts.
[[0;32m  OK  [0m] Stopped target Multi-User System.
         Stopping Virtualbox guest utils...
         Stopping LSB: Set the CPU Frequency Scaling governor to "ondemand"...
         Stopping D-Bus System Message Bus...
         Stopping Unattended Upgrades Shutdown...
         Stopping OpenBSD Secure Shell server...
         Stopping LSB: daemon to balance interrupts for SMP systems...
         Stopping Regular background program processing daemon...
         Stopping LSB: Record successful boot for GRUB...
         Stopping Deferred execution scheduler...
         Stopping LXD - container startup/shutdown...
         Stopping LSB: automatic crash report generation...
[[0;32m  OK  [0m] Stopped Apply the settings specified in cloud-config.
[[0;32m  OK  [0m] Stopped target Cloud-config availabil         Stopping Serial Getty on ttyS0...
         Stopping Getty on tty1...
         Stopping System Logging Service...
         Stopping MySQL Community Server...
         Stopping LSB: MD monitoring daemon...
[[0;32m  OK  [0m] Stopped Wait until snapd is fully seeded.
         Stopping FUSE filesystem for LXC...
[[0;32m  OK  [0m] Unmounted /var/lib/lxcfs.
[[0;32m  OK  [0m] Stopped Deferred execution scheduler.
[[0;32m  OK  [0m] Stopped Accounts Service.
[[0;32m  OK  [0m] Stopped System Logging Service.
[[0;32m  OK  [0m] Stopped ACPI event daemon.
[[0;32m  OK  [0m] Stopped Regular background program processing daemon.
[[0;32m  OK  [0m] Stopped OpenBSD Secure Shell server.
[[0;32m  OK  [0m] Stopped Unattended Upgrades Shutdown.
[[0;32m  OK  [0m] Stopped Authenticate and Authorize Users to Run Privileged Tasks.
[[0;32m  OK  [0m] Stopped Getty on tty1.
[[0;32m  OK  [0m] Stopped Serial Getty on ttyS0.
[[0;32m  OK  [0m] Stopped User Manager for UID 1000.
[[0;32m  OK  [0m] Stopped Session 4 of user vagrant.
[[0;32m  OK  [0m] Stopped D-Bus System Message Bus.
[[0;32m  OK  [0m] Stopped FUSE filesystem for LXC.
[[0;32m  OK  [0m] Stopped LSB: Set the CPU Frequency Scaling governor to "ondemand".
[[0;32m  OK  [0m] Stopped Virtualbox guest utils.
[[0;32m  OK  [0m] Stopped LSB: daemon to balance interrupts for SMP systems.
[[0;32m  OK  [0m] Stopped LXD - container startup/shutdown.
[[0;32m  OK  [0m] Stopped LSB: Record successful boot for GRUB.
[[0;32m  OK  [0m] Removed slice User Slice of vagrant.
[[0;32m  OK  [0m] Removed slice system-serial\x2dgetty.slice.
[[0;32m  OK  [0m] Removed slice system-getty.slice.
[[0;32m  OK  [0m] Stopped /etc/rc.local Compatibility.
         Stopping Permit User Sessions...
         Stopping Login Service...
[[0;32m  OK  [0m] Stopped LSB: automatic crash report generation.
[[0;32m  OK  [0m] Stopped LSB: MD monitoring daemon.
[[0;32m  OK  [0m] Stopped Permit User Sessions.
[[0;32m  OK  [0m] Stopped target Remote File Systems.
[[0;32m  OK  [0m] Stopped target Remote File Systems (Pre).
         Stopping Login to default iSCSI targets...
[[0;32m  OK  [0m] Stopped Login Service.
[[0;32m  OK  [0m] Stopped target User and Group Name Lookups.
[[0;32m  OK  [0m] Stopped Login to default iSCSI targets.
         Stopping iSCSI initiator daemon (iscsid)...
[[0;32m  OK  [0m] Stopped iSCSI initiator daemon (iscsid).
[[0;32m  OK  [0m] Stopped target Network is Online.
[[0;32m  OK  [0m] Stopped MySQL Community Server.
[[0;32m  OK  [0m] Stopped target Network.
[[0;32m  OK  [0m] Stopped target Basic System.
[[0;32m  OK  [0m] Stopped target Slices.
[[0;32m  OK  [0m] Removed slice User and Session Slice.
[[0;32m  OK  [0m] Stopped target Sockets.
[[0;32m  OK  [0m] Closed Syslog Socket.
[[0;32m  OK  [0m] Closed ACPID Listen Socket.
[[0;32m  OK  [0m] Closed UUID daemon activation socket.
[[0;32m  OK  [0m] Closed D-Bus System Message Bus Socket.
[[0;32m  OK  [0m] Closed LXD - unix socket.
[[0;32m  OK  [0m] Closed Socket activation for snappy daemon.
[[0;32m  OK  [0m] Stopped target Paths.
[[0;32m  OK  [0m] Stopped ACPI Events Check.
[[0;32m  OK  [0m] Stopped target System Initialization.
[[0;32m  OK  [0m] Stopped Initial cloud-init job (metadata service crawler).
         Stopping Raise network interfaces...
         Stopping Update UTMP about System Boot/Shutdown...
[[0;32m  OK  [0m] Stopped target Swap.
         Stopping Load/Save Random Seed...
[[0;32m  OK  [0m] Stopped target Encrypted Volumes.
[[0;32m  OK  [0m] Stopped Forward Password Requests to Wall Directory Watch.
[[0;32m  OK  [0m] Stopped Dispatch Password Requests to Console Directory Watch.
[[0;32m  OK  [0m] Stopped Load/Save Random Seed.
[[0;32m  OK  [0m] Stopped Update UTMP about System Boot/Shutdown.
[[0;32m  OK  [0m] Stopped Create Volatile Files and Directories.
[[0;32m  OK  [0m] Stopped Raise network interfaces.
[[0;32m  OK  [0m] Stopped target Network (Pre).
[[0;32m  OK  [0m] Stopped Initial cloud-init job (pre-networking).
[[0;32m  OK  [0m] Stopped Apply Kernel Variables.
[[0;32m  OK  [0m] Stopped Load Kernel Modules.
[[0;32m  OK  [0m] Stopped target Local File Systems.
         Unmounting /vagrant...
         Unmounting /run/user/1000...
[[0;32m  OK  [0m] Unmounted /vagrant.
[[0;32m  OK  [0m] Unmounted /run/user/1000.
[[0;32m  OK  [0m] Reached target Unmount All Filesystems.
[[0;32m  OK  [0m] Stopped target Local File Systems (Pre).
[[0;32m  OK  [0m] Stopped Remount Root and Kernel File Systems.
[[0;32m  OK  [0m] Stopped Create Static Device Nodes in /dev.
[[0;32m  OK  [0m] Reached target Shutdown.
[ 5482.940019] reboot: Power down
